This file contains any messages produced by compilers while
running configure, to aid debugging if configure makes a mistake.

It was created by configure, which was
generated by GNU Autoconf 2.59.  Invocation command line was

  $ ./configure 

## --------- ##
## Platform. ##
## --------- ##

hostname = ubuntu-mac
uname -m = x86_64
uname -r = 5.4.0-72-generic
uname -s = Linux
uname -v = #80-Ubuntu SMP Mon Apr 12 17:35:00 UTC 2021

/usr/bin/uname -p = x86_64
/bin/uname -X     = unknown

/bin/arch              = x86_64
/usr/bin/arch -k       = unknown
/usr/convex/getsysinfo = unknown
hostinfo               = unknown
/bin/machine           = unknown
/usr/bin/oslevel       = unknown
/bin/universe          = unknown

PATH: /usr/local/sbin
PATH: /usr/local/bin
PATH: /usr/sbin
PATH: /usr/bin
PATH: /sbin
PATH: /bin
PATH: /usr/games
PATH: /usr/local/games
PATH: /snap/bin


## ----------- ##
## Core tests. ##
## ----------- ##

configure:1346: checking for gcc
configure:1362: found /usr/bin/gcc
configure:1372: result: gcc
configure:1616: checking for C compiler version
configure:1619: gcc --version </dev/null >&5
gcc (Ubuntu 9.3.0-17ubuntu1~20.04) 9.3.0
Copyright (C) 2019 Free Software Foundation, Inc.
This is free software; see the source for copying conditions.  There is NO
warranty; not even for MERCHANTABILITY or FITNESS FOR A PARTICULAR PURPOSE.

configure:1622: $? = 0
configure:1624: gcc -v </dev/null >&5
Using built-in specs.
COLLECT_GCC=gcc
COLLECT_LTO_WRAPPER=/usr/lib/gcc/x86_64-linux-gnu/9/lto-wrapper
OFFLOAD_TARGET_NAMES=nvptx-none:hsa
OFFLOAD_TARGET_DEFAULT=1
Target: x86_64-linux-gnu
Configured with: ../src/configure -v --with-pkgversion='Ubuntu 9.3.0-17ubuntu1~20.04' --with-bugurl=file:///usr/share/doc/gcc-9/README.Bugs --enable-languages=c,ada,c++,go,brig,d,fortran,objc,obj-c++,gm2 --prefix=/usr --with-gcc-major-version-only --program-suffix=-9 --program-prefix=x86_64-linux-gnu- --enable-shared --enable-linker-build-id --libexecdir=/usr/lib --without-included-gettext --enable-threads=posix --libdir=/usr/lib --enable-nls --enable-clocale=gnu --enable-libstdcxx-debug --enable-libstdcxx-time=yes --with-default-libstdcxx-abi=new --enable-gnu-unique-object --disable-vtable-verify --enable-plugin --enable-default-pie --with-system-zlib --with-target-system-zlib=auto --enable-objc-gc=auto --enable-multiarch --disable-werror --with-arch-32=i686 --with-abi=m64 --with-multilib-list=m32,m64,mx32 --enable-multilib --with-tune=generic --enable-offload-targets=nvptx-none=/build/gcc-9-HskZEa/gcc-9-9.3.0/debian/tmp-nvptx/usr,hsa --without-cuda-driver --enable-checking=release --build=x86_64-linux-gnu --host=x86_64-linux-gnu --target=x86_64-linux-gnu
Thread model: posix
gcc version 9.3.0 (Ubuntu 9.3.0-17ubuntu1~20.04) 
configure:1627: $? = 0
configure:1629: gcc -V </dev/null >&5
gcc: error: unrecognized command line option '-V'
gcc: fatal error: no input files
compilation terminated.
configure:1632: $? = 1
configure:1655: checking for C compiler default output file name
configure:1658: gcc    conftest.c  >&5
configure:1661: $? = 0
configure:1707: result: a.out
configure:1712: checking whether the C compiler works
configure:1718: ./a.out
configure:1721: $? = 0
configure:1738: result: yes
configure:1745: checking whether we are cross compiling
configure:1747: result: no
configure:1750: checking for suffix of executables
configure:1752: gcc -o conftest    conftest.c  >&5
configure:1755: $? = 0
configure:1780: result: 
configure:1786: checking for suffix of object files
configure:1807: gcc -c   conftest.c >&5
configure:1810: $? = 0
configure:1832: result: o
configure:1836: checking whether we are using the GNU C compiler
configure:1860: gcc -c   conftest.c >&5
configure:1866: $? = 0
configure:1870: test -z 
			 || test ! -s conftest.err
configure:1873: $? = 0
configure:1876: test -s conftest.o
configure:1879: $? = 0
configure:1892: result: yes
configure:1898: checking whether gcc accepts -g
configure:1919: gcc -c -g  conftest.c >&5
configure:1925: $? = 0
configure:1929: test -z 
			 || test ! -s conftest.err
configure:1932: $? = 0
configure:1935: test -s conftest.o
configure:1938: $? = 0
configure:1949: result: yes
configure:1966: checking for gcc option to accept ANSI C
configure:2036: gcc  -c -g -O2  conftest.c >&5
configure:2042: $? = 0
configure:2046: test -z 
			 || test ! -s conftest.err
configure:2049: $? = 0
configure:2052: test -s conftest.o
configure:2055: $? = 0
configure:2073: result: none needed
configure:2091: gcc -c -g -O2  conftest.c >&5
conftest.c:2:3: error: unknown type name 'choke'
    2 |   choke me
      |   ^~~~~
conftest.c:2:3: error: expected '=', ',', ';', 'asm' or '__attribute__' at end of input
configure:2097: $? = 1
configure: failed program was:
| #ifndef __cplusplus
|   choke me
| #endif
configure:2271: checking for ranlib
configure:2287: found /usr/bin/ranlib
configure:2298: result: ranlib
configure:2320: checking for dirent.h that defines DIR
configure:2344: gcc -c -g -O2  conftest.c >&5
configure:2350: $? = 0
configure:2354: test -z 
			 || test ! -s conftest.err
configure:2357: $? = 0
configure:2360: test -s conftest.o
configure:2363: $? = 0
configure:2374: result: yes
configure:2387: checking for library containing opendir
configure:2417: gcc -o conftest -g -O2   conftest.c  >&5
configure:2423: $? = 0
configure:2427: test -z 
			 || test ! -s conftest.err
configure:2430: $? = 0
configure:2433: test -s conftest
configure:2436: $? = 0
configure:2506: result: none required
configure:2647: checking how to run the C preprocessor
configure:2682: gcc -E  conftest.c
configure:2688: $? = 0
configure:2720: gcc -E  conftest.c
conftest.c:10:10: fatal error: ac_nonexistent.h: No such file or directory
   10 | #include <ac_nonexistent.h>
      |          ^~~~~~~~~~~~~~~~~~
compilation terminated.
configure:2726: $? = 1
configure: failed program was:
| /* confdefs.h.  */
| 
| #define PACKAGE_NAME ""
| #define PACKAGE_TARNAME ""
| #define PACKAGE_VERSION ""
| #define PACKAGE_STRING ""
| #define PACKAGE_BUGREPORT ""
| #define HAVE_DIRENT_H 1
| /* end confdefs.h.  */
| #include <ac_nonexistent.h>
configure:2765: result: gcc -E
configure:2789: gcc -E  conftest.c
configure:2795: $? = 0
configure:2827: gcc -E  conftest.c
conftest.c:10:10: fatal error: ac_nonexistent.h: No such file or directory
   10 | #include <ac_nonexistent.h>
      |          ^~~~~~~~~~~~~~~~~~
compilation terminated.
configure:2833: $? = 1
configure: failed program was:
| /* confdefs.h.  */
| 
| #define PACKAGE_NAME ""
| #define PACKAGE_TARNAME ""
| #define PACKAGE_VERSION ""
| #define PACKAGE_STRING ""
| #define PACKAGE_BUGREPORT ""
| #define HAVE_DIRENT_H 1
| /* end confdefs.h.  */
| #include <ac_nonexistent.h>
configure:2877: checking for egrep
configure:2887: result: grep -E
configure:2892: checking for ANSI C header files
configure:2917: gcc -c -g -O2  conftest.c >&5
configure:2923: $? = 0
configure:2927: test -z 
			 || test ! -s conftest.err
configure:2930: $? = 0
configure:2933: test -s conftest.o
configure:2936: $? = 0
configure:3025: gcc -o conftest -g -O2   conftest.c  >&5
conftest.c: In function 'main':
conftest.c:27:7: warning: implicit declaration of function 'exit' [-Wimplicit-function-declaration]
   27 |       exit(2);
      |       ^~~~
conftest.c:27:7: warning: incompatible implicit declaration of built-in function 'exit'
conftest.c:11:1: note: include '<stdlib.h>' or provide a declaration of 'exit'
   10 | #include <ctype.h>
  +++ |+#include <stdlib.h>
   11 | #if ((' ' & 0x0FF) == 0x020)
conftest.c:28:3: warning: incompatible implicit declaration of built-in function 'exit'
   28 |   exit (0);
      |   ^~~~
conftest.c:28:3: note: include '<stdlib.h>' or provide a declaration of 'exit'
configure:3028: $? = 0
configure:3030: ./conftest
configure:3033: $? = 0
configure:3048: result: yes
configure:3058: checking for sys/wait.h that is POSIX.1 compatible
configure:3089: gcc -c -g -O2  conftest.c >&5
configure:3095: $? = 0
configure:3099: test -z 
			 || test ! -s conftest.err
configure:3102: $? = 0
configure:3105: test -s conftest.o
configure:3108: $? = 0
configure:3119: result: yes
configure:3143: checking for sys/types.h
configure:3159: gcc -c -g -O2  conftest.c >&5
configure:3165: $? = 0
configure:3169: test -z 
			 || test ! -s conftest.err
configure:3172: $? = 0
configure:3175: test -s conftest.o
configure:3178: $? = 0
configure:3189: result: yes
configure:3143: checking for sys/stat.h
configure:3159: gcc -c -g -O2  conftest.c >&5
configure:3165: $? = 0
configure:3169: test -z 
			 || test ! -s conftest.err
configure:3172: $? = 0
configure:3175: test -s conftest.o
configure:3178: $? = 0
configure:3189: result: yes
configure:3143: checking for stdlib.h
configure:3159: gcc -c -g -O2  conftest.c >&5
configure:3165: $? = 0
configure:3169: test -z 
			 || test ! -s conftest.err
configure:3172: $? = 0
configure:3175: test -s conftest.o
configure:3178: $? = 0
configure:3189: result: yes
configure:3143: checking for string.h
configure:3159: gcc -c -g -O2  conftest.c >&5
configure:3165: $? = 0
configure:3169: test -z 
			 || test ! -s conftest.err
configure:3172: $? = 0
configure:3175: test -s conftest.o
configure:3178: $? = 0
configure:3189: result: yes
configure:3143: checking for memory.h
configure:3159: gcc -c -g -O2  conftest.c >&5
configure:3165: $? = 0
configure:3169: test -z 
			 || test ! -s conftest.err
configure:3172: $? = 0
configure:3175: test -s conftest.o
configure:3178: $? = 0
configure:3189: result: yes
configure:3143: checking for strings.h
configure:3159: gcc -c -g -O2  conftest.c >&5
configure:3165: $? = 0
configure:3169: test -z 
			 || test ! -s conftest.err
configure:3172: $? = 0
configure:3175: test -s conftest.o
configure:3178: $? = 0
configure:3189: result: yes
configure:3143: checking for inttypes.h
configure:3159: gcc -c -g -O2  conftest.c >&5
configure:3165: $? = 0
configure:3169: test -z 
			 || test ! -s conftest.err
configure:3172: $? = 0
configure:3175: test -s conftest.o
configure:3178: $? = 0
configure:3189: result: yes
configure:3143: checking for stdint.h
configure:3159: gcc -c -g -O2  conftest.c >&5
configure:3165: $? = 0
configure:3169: test -z 
			 || test ! -s conftest.err
configure:3172: $? = 0
configure:3175: test -s conftest.o
configure:3178: $? = 0
configure:3189: result: yes
configure:3143: checking for unistd.h
configure:3159: gcc -c -g -O2  conftest.c >&5
configure:3165: $? = 0
configure:3169: test -z 
			 || test ! -s conftest.err
configure:3172: $? = 0
configure:3175: test -s conftest.o
configure:3178: $? = 0
configure:3189: result: yes
configure:3244: checking netinet/in.h usability
configure:3256: gcc -c -g -O2  conftest.c >&5
configure:3262: $? = 0
configure:3266: test -z 
			 || test ! -s conftest.err
configure:3269: $? = 0
configure:3272: test -s conftest.o
configure:3275: $? = 0
configure:3285: result: yes
configure:3289: checking netinet/in.h presence
configure:3299: gcc -E  conftest.c
configure:3305: $? = 0
configure:3325: result: yes
configure:3360: checking for netinet/in.h
configure:3367: result: yes
configure:3235: checking for stdlib.h
configure:3240: result: yes
configure:3235: checking for string.h
configure:3240: result: yes
configure:3244: checking fcntl.h usability
configure:3256: gcc -c -g -O2  conftest.c >&5
configure:3262: $? = 0
configure:3266: test -z 
			 || test ! -s conftest.err
configure:3269: $? = 0
configure:3272: test -s conftest.o
configure:3275: $? = 0
configure:3285: result: yes
configure:3289: checking fcntl.h presence
configure:3299: gcc -E  conftest.c
configure:3305: $? = 0
configure:3325: result: yes
configure:3360: checking for fcntl.h
configure:3367: result: yes
configure:3244: checking sys/dlpi.h usability
configure:3256: gcc -c -g -O2  conftest.c >&5
conftest.c:59:10: fatal error: sys/dlpi.h: No such file or directory
   59 | #include <sys/dlpi.h>
      |          ^~~~~~~~~~~~
compilation terminated.
configure:3262: $? = 1
configure: failed program was:
| /* confdefs.h.  */
| 
| #define PACKAGE_NAME ""
| #define PACKAGE_TARNAME ""
| #define PACKAGE_VERSION ""
| #define PACKAGE_STRING ""
| #define PACKAGE_BUGREPORT ""
| #define HAVE_DIRENT_H 1
| #define STDC_HEADERS 1
| #define HAVE_SYS_WAIT_H 1
| #define HAVE_SYS_TYPES_H 1
| #define HAVE_SYS_STAT_H 1
| #define HAVE_STDLIB_H 1
| #define HAVE_STRING_H 1
| #define HAVE_MEMORY_H 1
| #define HAVE_STRINGS_H 1
| #define HAVE_INTTYPES_H 1
| #define HAVE_STDINT_H 1
| #define HAVE_UNISTD_H 1
| #define HAVE_NETINET_IN_H 1
| #define HAVE_STDLIB_H 1
| #define HAVE_STRING_H 1
| #define HAVE_FCNTL_H 1
| /* end confdefs.h.  */
| #include <stdio.h>
| #if HAVE_SYS_TYPES_H
| # include <sys/types.h>
| #endif
| #if HAVE_SYS_STAT_H
| # include <sys/stat.h>
| #endif
| #if STDC_HEADERS
| # include <stdlib.h>
| # include <stddef.h>
| #else
| # if HAVE_STDLIB_H
| #  include <stdlib.h>
| # endif
| #endif
| #if HAVE_STRING_H
| # if !STDC_HEADERS && HAVE_MEMORY_H
| #  include <memory.h>
| # endif
| # include <string.h>
| #endif
| #if HAVE_STRINGS_H
| # include <strings.h>
| #endif
| #if HAVE_INTTYPES_H
| # include <inttypes.h>
| #else
| # if HAVE_STDINT_H
| #  include <stdint.h>
| # endif
| #endif
| #if HAVE_UNISTD_H
| # include <unistd.h>
| #endif
| #include <sys/dlpi.h>
configure:3285: result: no
configure:3289: checking sys/dlpi.h presence
configure:3299: gcc -E  conftest.c
conftest.c:25:10: fatal error: sys/dlpi.h: No such file or directory
   25 | #include <sys/dlpi.h>
      |          ^~~~~~~~~~~~
compilation terminated.
configure:3305: $? = 1
configure: failed program was:
| /* confdefs.h.  */
| 
| #define PACKAGE_NAME ""
| #define PACKAGE_TARNAME ""
| #define PACKAGE_VERSION ""
| #define PACKAGE_STRING ""
| #define PACKAGE_BUGREPORT ""
| #define HAVE_DIRENT_H 1
| #define STDC_HEADERS 1
| #define HAVE_SYS_WAIT_H 1
| #define HAVE_SYS_TYPES_H 1
| #define HAVE_SYS_STAT_H 1
| #define HAVE_STDLIB_H 1
| #define HAVE_STRING_H 1
| #define HAVE_MEMORY_H 1
| #define HAVE_STRINGS_H 1
| #define HAVE_INTTYPES_H 1
| #define HAVE_STDINT_H 1
| #define HAVE_UNISTD_H 1
| #define HAVE_NETINET_IN_H 1
| #define HAVE_STDLIB_H 1
| #define HAVE_STRING_H 1
| #define HAVE_FCNTL_H 1
| /* end confdefs.h.  */
| #include <sys/dlpi.h>
configure:3325: result: no
configure:3360: checking for sys/dlpi.h
configure:3367: result: no
configure:3244: checking sys/ioctl.h usability
configure:3256: gcc -c -g -O2  conftest.c >&5
configure:3262: $? = 0
configure:3266: test -z 
			 || test ! -s conftest.err
configure:3269: $? = 0
configure:3272: test -s conftest.o
configure:3275: $? = 0
configure:3285: result: yes
configure:3289: checking sys/ioctl.h presence
configure:3299: gcc -E  conftest.c
configure:3305: $? = 0
configure:3325: result: yes
configure:3360: checking for sys/ioctl.h
configure:3367: result: yes
configure:3244: checking sys/time.h usability
configure:3256: gcc -c -g -O2  conftest.c >&5
configure:3262: $? = 0
configure:3266: test -z 
			 || test ! -s conftest.err
configure:3269: $? = 0
configure:3272: test -s conftest.o
configure:3275: $? = 0
configure:3285: result: yes
configure:3289: checking sys/time.h presence
configure:3299: gcc -E  conftest.c
configure:3305: $? = 0
configure:3325: result: yes
configure:3360: checking for sys/time.h
configure:3367: result: yes
configure:3244: checking syslog.h usability
configure:3256: gcc -c -g -O2  conftest.c >&5
configure:3262: $? = 0
configure:3266: test -z 
			 || test ! -s conftest.err
configure:3269: $? = 0
configure:3272: test -s conftest.o
configure:3275: $? = 0
configure:3285: result: yes
configure:3289: checking syslog.h presence
configure:3299: gcc -E  conftest.c
configure:3305: $? = 0
configure:3325: result: yes
configure:3360: checking for syslog.h
configure:3367: result: yes
configure:3235: checking for unistd.h
configure:3240: result: yes
configure:3244: checking net/if_arp.h usability
configure:3256: gcc -c -g -O2  conftest.c >&5
configure:3262: $? = 0
configure:3266: test -z 
			 || test ! -s conftest.err
configure:3269: $? = 0
configure:3272: test -s conftest.o
configure:3275: $? = 0
configure:3285: result: yes
configure:3289: checking net/if_arp.h presence
configure:3299: gcc -E  conftest.c
configure:3305: $? = 0
configure:3325: result: yes
configure:3360: checking for net/if_arp.h
configure:3367: result: yes
configure:3244: checking netinet/if_ether.h usability
configure:3256: gcc -c -g -O2  conftest.c >&5
configure:3262: $? = 0
configure:3266: test -z 
			 || test ! -s conftest.err
configure:3269: $? = 0
configure:3272: test -s conftest.o
configure:3275: $? = 0
configure:3285: result: yes
configure:3289: checking netinet/if_ether.h presence
configure:3299: gcc -E  conftest.c
configure:3305: $? = 0
configure:3325: result: yes
configure:3360: checking for netinet/if_ether.h
configure:3367: result: yes
configure:3244: checking getopt.h usability
configure:3256: gcc -c -g -O2  conftest.c >&5
configure:3262: $? = 0
configure:3266: test -z 
			 || test ! -s conftest.err
configure:3269: $? = 0
configure:3272: test -s conftest.o
configure:3275: $? = 0
configure:3285: result: yes
configure:3289: checking getopt.h presence
configure:3299: gcc -E  conftest.c
configure:3305: $? = 0
configure:3325: result: yes
configure:3360: checking for getopt.h
configure:3367: result: yes
configure:3244: checking sys/uio.h usability
configure:3256: gcc -c -g -O2  conftest.c >&5
configure:3262: $? = 0
configure:3266: test -z 
			 || test ! -s conftest.err
configure:3269: $? = 0
configure:3272: test -s conftest.o
configure:3275: $? = 0
configure:3285: result: yes
configure:3289: checking sys/uio.h presence
configure:3299: gcc -E  conftest.c
configure:3305: $? = 0
configure:3325: result: yes
configure:3360: checking for sys/uio.h
configure:3367: result: yes
configure:3244: checking sys/param.h usability
configure:3256: gcc -c -g -O2  conftest.c >&5
configure:3262: $? = 0
configure:3266: test -z 
			 || test ! -s conftest.err
configure:3269: $? = 0
configure:3272: test -s conftest.o
configure:3275: $? = 0
configure:3285: result: yes
configure:3289: checking sys/param.h presence
configure:3299: gcc -E  conftest.c
configure:3305: $? = 0
configure:3325: result: yes
configure:3360: checking for sys/param.h
configure:3367: result: yes
configure:3235: checking for fcntl.h
configure:3240: result: yes
configure:3244: checking net/bpf.h usability
configure:3256: gcc -c -g -O2  conftest.c >&5
conftest.c:69:10: fatal error: net/bpf.h: No such file or directory
   69 | #include <net/bpf.h>
      |          ^~~~~~~~~~~
compilation terminated.
configure:3262: $? = 1
configure: failed program was:
| /* confdefs.h.  */
| 
| #define PACKAGE_NAME ""
| #define PACKAGE_TARNAME ""
| #define PACKAGE_VERSION ""
| #define PACKAGE_STRING ""
| #define PACKAGE_BUGREPORT ""
| #define HAVE_DIRENT_H 1
| #define STDC_HEADERS 1
| #define HAVE_SYS_WAIT_H 1
| #define HAVE_SYS_TYPES_H 1
| #define HAVE_SYS_STAT_H 1
| #define HAVE_STDLIB_H 1
| #define HAVE_STRING_H 1
| #define HAVE_MEMORY_H 1
| #define HAVE_STRINGS_H 1
| #define HAVE_INTTYPES_H 1
| #define HAVE_STDINT_H 1
| #define HAVE_UNISTD_H 1
| #define HAVE_NETINET_IN_H 1
| #define HAVE_STDLIB_H 1
| #define HAVE_STRING_H 1
| #define HAVE_FCNTL_H 1
| #define HAVE_SYS_IOCTL_H 1
| #define HAVE_SYS_TIME_H 1
| #define HAVE_SYSLOG_H 1
| #define HAVE_UNISTD_H 1
| #define HAVE_NET_IF_ARP_H 1
| #define HAVE_NETINET_IF_ETHER_H 1
| #define HAVE_GETOPT_H 1
| #define HAVE_SYS_UIO_H 1
| #define HAVE_SYS_PARAM_H 1
| #define HAVE_FCNTL_H 1
| /* end confdefs.h.  */
| #include <stdio.h>
| #if HAVE_SYS_TYPES_H
| # include <sys/types.h>
| #endif
| #if HAVE_SYS_STAT_H
| # include <sys/stat.h>
| #endif
| #if STDC_HEADERS
| # include <stdlib.h>
| # include <stddef.h>
| #else
| # if HAVE_STDLIB_H
| #  include <stdlib.h>
| # endif
| #endif
| #if HAVE_STRING_H
| # if !STDC_HEADERS && HAVE_MEMORY_H
| #  include <memory.h>
| # endif
| # include <string.h>
| #endif
| #if HAVE_STRINGS_H
| # include <strings.h>
| #endif
| #if HAVE_INTTYPES_H
| # include <inttypes.h>
| #else
| # if HAVE_STDINT_H
| #  include <stdint.h>
| # endif
| #endif
| #if HAVE_UNISTD_H
| # include <unistd.h>
| #endif
| #include <net/bpf.h>
configure:3285: result: no
configure:3289: checking net/bpf.h presence
configure:3299: gcc -E  conftest.c
conftest.c:35:10: fatal error: net/bpf.h: No such file or directory
   35 | #include <net/bpf.h>
      |          ^~~~~~~~~~~
compilation terminated.
configure:3305: $? = 1
configure: failed program was:
| /* confdefs.h.  */
| 
| #define PACKAGE_NAME ""
| #define PACKAGE_TARNAME ""
| #define PACKAGE_VERSION ""
| #define PACKAGE_STRING ""
| #define PACKAGE_BUGREPORT ""
| #define HAVE_DIRENT_H 1
| #define STDC_HEADERS 1
| #define HAVE_SYS_WAIT_H 1
| #define HAVE_SYS_TYPES_H 1
| #define HAVE_SYS_STAT_H 1
| #define HAVE_STDLIB_H 1
| #define HAVE_STRING_H 1
| #define HAVE_MEMORY_H 1
| #define HAVE_STRINGS_H 1
| #define HAVE_INTTYPES_H 1
| #define HAVE_STDINT_H 1
| #define HAVE_UNISTD_H 1
| #define HAVE_NETINET_IN_H 1
| #define HAVE_STDLIB_H 1
| #define HAVE_STRING_H 1
| #define HAVE_FCNTL_H 1
| #define HAVE_SYS_IOCTL_H 1
| #define HAVE_SYS_TIME_H 1
| #define HAVE_SYSLOG_H 1
| #define HAVE_UNISTD_H 1
| #define HAVE_NET_IF_ARP_H 1
| #define HAVE_NETINET_IF_ETHER_H 1
| #define HAVE_GETOPT_H 1
| #define HAVE_SYS_UIO_H 1
| #define HAVE_SYS_PARAM_H 1
| #define HAVE_FCNTL_H 1
| /* end confdefs.h.  */
| #include <net/bpf.h>
configure:3325: result: no
configure:3360: checking for net/bpf.h
configure:3367: result: no
configure:3244: checking netpacket/packet.h usability
configure:3256: gcc -c -g -O2  conftest.c >&5
configure:3262: $? = 0
configure:3266: test -z 
			 || test ! -s conftest.err
configure:3269: $? = 0
configure:3272: test -s conftest.o
configure:3275: $? = 0
configure:3285: result: yes
configure:3289: checking netpacket/packet.h presence
configure:3299: gcc -E  conftest.c
configure:3305: $? = 0
configure:3325: result: yes
configure:3360: checking for netpacket/packet.h
configure:3367: result: yes
configure:3244: checking net/ethernet.h usability
configure:3256: gcc -c -g -O2  conftest.c >&5
configure:3262: $? = 0
configure:3266: test -z 
			 || test ! -s conftest.err
configure:3269: $? = 0
configure:3272: test -s conftest.o
configure:3275: $? = 0
configure:3285: result: yes
configure:3289: checking net/ethernet.h presence
configure:3299: gcc -E  conftest.c
configure:3305: $? = 0
configure:3325: result: yes
configure:3360: checking for net/ethernet.h
configure:3367: result: yes
configure:3244: checking asm/types.h usability
configure:3256: gcc -c -g -O2  conftest.c >&5
configure:3262: $? = 0
configure:3266: test -z 
			 || test ! -s conftest.err
configure:3269: $? = 0
configure:3272: test -s conftest.o
configure:3275: $? = 0
configure:3285: result: yes
configure:3289: checking asm/types.h presence
configure:3299: gcc -E  conftest.c
configure:3305: $? = 0
configure:3325: result: yes
configure:3360: checking for asm/types.h
configure:3367: result: yes
configure:3244: checking linux/if_packet.h usability
configure:3256: gcc -c -g -O2  conftest.c >&5
configure:3262: $? = 0
configure:3266: test -z 
			 || test ! -s conftest.err
configure:3269: $? = 0
configure:3272: test -s conftest.o
configure:3275: $? = 0
configure:3285: result: yes
configure:3289: checking linux/if_packet.h presence
configure:3299: gcc -E  conftest.c
configure:3305: $? = 0
configure:3325: result: yes
configure:3360: checking for linux/if_packet.h
configure:3367: result: yes
configure:3244: checking linux/if_ether.h usability
configure:3256: gcc -c -g -O2  conftest.c >&5
configure:3262: $? = 0
configure:3266: test -z 
			 || test ! -s conftest.err
configure:3269: $? = 0
configure:3272: test -s conftest.o
configure:3275: $? = 0
configure:3285: result: yes
configure:3289: checking linux/if_ether.h presence
configure:3299: gcc -E  conftest.c
configure:3305: $? = 0
configure:3325: result: yes
configure:3360: checking for linux/if_ether.h
configure:3367: result: yes
configure:3244: checking sys/socket.h usability
configure:3256: gcc -c -g -O2  conftest.c >&5
configure:3262: $? = 0
configure:3266: test -z 
			 || test ! -s conftest.err
configure:3269: $? = 0
configure:3272: test -s conftest.o
configure:3275: $? = 0
configure:3285: result: yes
configure:3289: checking sys/socket.h presence
configure:3299: gcc -E  conftest.c
configure:3305: $? = 0
configure:3325: result: yes
configure:3360: checking for sys/socket.h
configure:3367: result: yes
configure:3244: checking sys/cdefs.h usability
configure:3256: gcc -c -g -O2  conftest.c >&5
configure:3262: $? = 0
configure:3266: test -z 
			 || test ! -s conftest.err
configure:3269: $? = 0
configure:3272: test -s conftest.o
configure:3275: $? = 0
configure:3285: result: yes
configure:3289: checking sys/cdefs.h presence
configure:3299: gcc -E  conftest.c
configure:3305: $? = 0
configure:3325: result: yes
configure:3360: checking for sys/cdefs.h
configure:3367: result: yes
configure:3244: checking net/if.h usability
configure:3256: gcc -c -g -O2  conftest.c >&5
configure:3262: $? = 0
configure:3266: test -z 
			 || test ! -s conftest.err
configure:3269: $? = 0
configure:3272: test -s conftest.o
configure:3275: $? = 0
configure:3285: result: yes
configure:3289: checking net/if.h presence
configure:3299: gcc -E  conftest.c
configure:3305: $? = 0
configure:3325: result: yes
configure:3360: checking for net/if.h
configure:3367: result: yes
configure:3244: checking net/if_dl.h usability
configure:3256: gcc -c -g -O2  conftest.c >&5
conftest.c:77:10: fatal error: net/if_dl.h: No such file or directory
   77 | #include <net/if_dl.h>
      |          ^~~~~~~~~~~~~
compilation terminated.
configure:3262: $? = 1
configure: failed program was:
| /* confdefs.h.  */
| 
| #define PACKAGE_NAME ""
| #define PACKAGE_TARNAME ""
| #define PACKAGE_VERSION ""
| #define PACKAGE_STRING ""
| #define PACKAGE_BUGREPORT ""
| #define HAVE_DIRENT_H 1
| #define STDC_HEADERS 1
| #define HAVE_SYS_WAIT_H 1
| #define HAVE_SYS_TYPES_H 1
| #define HAVE_SYS_STAT_H 1
| #define HAVE_STDLIB_H 1
| #define HAVE_STRING_H 1
| #define HAVE_MEMORY_H 1
| #define HAVE_STRINGS_H 1
| #define HAVE_INTTYPES_H 1
| #define HAVE_STDINT_H 1
| #define HAVE_UNISTD_H 1
| #define HAVE_NETINET_IN_H 1
| #define HAVE_STDLIB_H 1
| #define HAVE_STRING_H 1
| #define HAVE_FCNTL_H 1
| #define HAVE_SYS_IOCTL_H 1
| #define HAVE_SYS_TIME_H 1
| #define HAVE_SYSLOG_H 1
| #define HAVE_UNISTD_H 1
| #define HAVE_NET_IF_ARP_H 1
| #define HAVE_NETINET_IF_ETHER_H 1
| #define HAVE_GETOPT_H 1
| #define HAVE_SYS_UIO_H 1
| #define HAVE_SYS_PARAM_H 1
| #define HAVE_FCNTL_H 1
| #define HAVE_NETPACKET_PACKET_H 1
| #define HAVE_NET_ETHERNET_H 1
| #define HAVE_ASM_TYPES_H 1
| #define HAVE_LINUX_IF_PACKET_H 1
| #define HAVE_LINUX_IF_ETHER_H 1
| #define HAVE_SYS_SOCKET_H 1
| #define HAVE_SYS_CDEFS_H 1
| #define HAVE_NET_IF_H 1
| /* end confdefs.h.  */
| #include <stdio.h>
| #if HAVE_SYS_TYPES_H
| # include <sys/types.h>
| #endif
| #if HAVE_SYS_STAT_H
| # include <sys/stat.h>
| #endif
| #if STDC_HEADERS
| # include <stdlib.h>
| # include <stddef.h>
| #else
| # if HAVE_STDLIB_H
| #  include <stdlib.h>
| # endif
| #endif
| #if HAVE_STRING_H
| # if !STDC_HEADERS && HAVE_MEMORY_H
| #  include <memory.h>
| # endif
| # include <string.h>
| #endif
| #if HAVE_STRINGS_H
| # include <strings.h>
| #endif
| #if HAVE_INTTYPES_H
| # include <inttypes.h>
| #else
| # if HAVE_STDINT_H
| #  include <stdint.h>
| # endif
| #endif
| #if HAVE_UNISTD_H
| # include <unistd.h>
| #endif
| #include <net/if_dl.h>
configure:3285: result: no
configure:3289: checking net/if_dl.h presence
configure:3299: gcc -E  conftest.c
conftest.c:43:10: fatal error: net/if_dl.h: No such file or directory
   43 | #include <net/if_dl.h>
      |          ^~~~~~~~~~~~~
compilation terminated.
configure:3305: $? = 1
configure: failed program was:
| /* confdefs.h.  */
| 
| #define PACKAGE_NAME ""
| #define PACKAGE_TARNAME ""
| #define PACKAGE_VERSION ""
| #define PACKAGE_STRING ""
| #define PACKAGE_BUGREPORT ""
| #define HAVE_DIRENT_H 1
| #define STDC_HEADERS 1
| #define HAVE_SYS_WAIT_H 1
| #define HAVE_SYS_TYPES_H 1
| #define HAVE_SYS_STAT_H 1
| #define HAVE_STDLIB_H 1
| #define HAVE_STRING_H 1
| #define HAVE_MEMORY_H 1
| #define HAVE_STRINGS_H 1
| #define HAVE_INTTYPES_H 1
| #define HAVE_STDINT_H 1
| #define HAVE_UNISTD_H 1
| #define HAVE_NETINET_IN_H 1
| #define HAVE_STDLIB_H 1
| #define HAVE_STRING_H 1
| #define HAVE_FCNTL_H 1
| #define HAVE_SYS_IOCTL_H 1
| #define HAVE_SYS_TIME_H 1
| #define HAVE_SYSLOG_H 1
| #define HAVE_UNISTD_H 1
| #define HAVE_NET_IF_ARP_H 1
| #define HAVE_NETINET_IF_ETHER_H 1
| #define HAVE_GETOPT_H 1
| #define HAVE_SYS_UIO_H 1
| #define HAVE_SYS_PARAM_H 1
| #define HAVE_FCNTL_H 1
| #define HAVE_NETPACKET_PACKET_H 1
| #define HAVE_NET_ETHERNET_H 1
| #define HAVE_ASM_TYPES_H 1
| #define HAVE_LINUX_IF_PACKET_H 1
| #define HAVE_LINUX_IF_ETHER_H 1
| #define HAVE_SYS_SOCKET_H 1
| #define HAVE_SYS_CDEFS_H 1
| #define HAVE_NET_IF_H 1
| /* end confdefs.h.  */
| #include <net/if_dl.h>
configure:3325: result: no
configure:3360: checking for net/if_dl.h
configure:3367: result: no
configure:3244: checking net/if_ether.h usability
configure:3256: gcc -c -g -O2  conftest.c >&5
conftest.c:77:10: fatal error: net/if_ether.h: No such file or directory
   77 | #include <net/if_ether.h>
      |          ^~~~~~~~~~~~~~~~
compilation terminated.
configure:3262: $? = 1
configure: failed program was:
| /* confdefs.h.  */
| 
| #define PACKAGE_NAME ""
| #define PACKAGE_TARNAME ""
| #define PACKAGE_VERSION ""
| #define PACKAGE_STRING ""
| #define PACKAGE_BUGREPORT ""
| #define HAVE_DIRENT_H 1
| #define STDC_HEADERS 1
| #define HAVE_SYS_WAIT_H 1
| #define HAVE_SYS_TYPES_H 1
| #define HAVE_SYS_STAT_H 1
| #define HAVE_STDLIB_H 1
| #define HAVE_STRING_H 1
| #define HAVE_MEMORY_H 1
| #define HAVE_STRINGS_H 1
| #define HAVE_INTTYPES_H 1
| #define HAVE_STDINT_H 1
| #define HAVE_UNISTD_H 1
| #define HAVE_NETINET_IN_H 1
| #define HAVE_STDLIB_H 1
| #define HAVE_STRING_H 1
| #define HAVE_FCNTL_H 1
| #define HAVE_SYS_IOCTL_H 1
| #define HAVE_SYS_TIME_H 1
| #define HAVE_SYSLOG_H 1
| #define HAVE_UNISTD_H 1
| #define HAVE_NET_IF_ARP_H 1
| #define HAVE_NETINET_IF_ETHER_H 1
| #define HAVE_GETOPT_H 1
| #define HAVE_SYS_UIO_H 1
| #define HAVE_SYS_PARAM_H 1
| #define HAVE_FCNTL_H 1
| #define HAVE_NETPACKET_PACKET_H 1
| #define HAVE_NET_ETHERNET_H 1
| #define HAVE_ASM_TYPES_H 1
| #define HAVE_LINUX_IF_PACKET_H 1
| #define HAVE_LINUX_IF_ETHER_H 1
| #define HAVE_SYS_SOCKET_H 1
| #define HAVE_SYS_CDEFS_H 1
| #define HAVE_NET_IF_H 1
| /* end confdefs.h.  */
| #include <stdio.h>
| #if HAVE_SYS_TYPES_H
| # include <sys/types.h>
| #endif
| #if HAVE_SYS_STAT_H
| # include <sys/stat.h>
| #endif
| #if STDC_HEADERS
| # include <stdlib.h>
| # include <stddef.h>
| #else
| # if HAVE_STDLIB_H
| #  include <stdlib.h>
| # endif
| #endif
| #if HAVE_STRING_H
| # if !STDC_HEADERS && HAVE_MEMORY_H
| #  include <memory.h>
| # endif
| # include <string.h>
| #endif
| #if HAVE_STRINGS_H
| # include <strings.h>
| #endif
| #if HAVE_INTTYPES_H
| # include <inttypes.h>
| #else
| # if HAVE_STDINT_H
| #  include <stdint.h>
| # endif
| #endif
| #if HAVE_UNISTD_H
| # include <unistd.h>
| #endif
| #include <net/if_ether.h>
configure:3285: result: no
configure:3289: checking net/if_ether.h presence
configure:3299: gcc -E  conftest.c
conftest.c:43:10: fatal error: net/if_ether.h: No such file or directory
   43 | #include <net/if_ether.h>
      |          ^~~~~~~~~~~~~~~~
compilation terminated.
configure:3305: $? = 1
configure: failed program was:
| /* confdefs.h.  */
| 
| #define PACKAGE_NAME ""
| #define PACKAGE_TARNAME ""
| #define PACKAGE_VERSION ""
| #define PACKAGE_STRING ""
| #define PACKAGE_BUGREPORT ""
| #define HAVE_DIRENT_H 1
| #define STDC_HEADERS 1
| #define HAVE_SYS_WAIT_H 1
| #define HAVE_SYS_TYPES_H 1
| #define HAVE_SYS_STAT_H 1
| #define HAVE_STDLIB_H 1
| #define HAVE_STRING_H 1
| #define HAVE_MEMORY_H 1
| #define HAVE_STRINGS_H 1
| #define HAVE_INTTYPES_H 1
| #define HAVE_STDINT_H 1
| #define HAVE_UNISTD_H 1
| #define HAVE_NETINET_IN_H 1
| #define HAVE_STDLIB_H 1
| #define HAVE_STRING_H 1
| #define HAVE_FCNTL_H 1
| #define HAVE_SYS_IOCTL_H 1
| #define HAVE_SYS_TIME_H 1
| #define HAVE_SYSLOG_H 1
| #define HAVE_UNISTD_H 1
| #define HAVE_NET_IF_ARP_H 1
| #define HAVE_NETINET_IF_ETHER_H 1
| #define HAVE_GETOPT_H 1
| #define HAVE_SYS_UIO_H 1
| #define HAVE_SYS_PARAM_H 1
| #define HAVE_FCNTL_H 1
| #define HAVE_NETPACKET_PACKET_H 1
| #define HAVE_NET_ETHERNET_H 1
| #define HAVE_ASM_TYPES_H 1
| #define HAVE_LINUX_IF_PACKET_H 1
| #define HAVE_LINUX_IF_ETHER_H 1
| #define HAVE_SYS_SOCKET_H 1
| #define HAVE_SYS_CDEFS_H 1
| #define HAVE_NET_IF_H 1
| /* end confdefs.h.  */
| #include <net/if_ether.h>
configure:3325: result: no
configure:3360: checking for net/if_ether.h
configure:3367: result: no
configure:3244: checking net/if_types.h usability
configure:3256: gcc -c -g -O2  conftest.c >&5
conftest.c:77:10: fatal error: net/if_types.h: No such file or directory
   77 | #include <net/if_types.h>
      |          ^~~~~~~~~~~~~~~~
compilation terminated.
configure:3262: $? = 1
configure: failed program was:
| /* confdefs.h.  */
| 
| #define PACKAGE_NAME ""
| #define PACKAGE_TARNAME ""
| #define PACKAGE_VERSION ""
| #define PACKAGE_STRING ""
| #define PACKAGE_BUGREPORT ""
| #define HAVE_DIRENT_H 1
| #define STDC_HEADERS 1
| #define HAVE_SYS_WAIT_H 1
| #define HAVE_SYS_TYPES_H 1
| #define HAVE_SYS_STAT_H 1
| #define HAVE_STDLIB_H 1
| #define HAVE_STRING_H 1
| #define HAVE_MEMORY_H 1
| #define HAVE_STRINGS_H 1
| #define HAVE_INTTYPES_H 1
| #define HAVE_STDINT_H 1
| #define HAVE_UNISTD_H 1
| #define HAVE_NETINET_IN_H 1
| #define HAVE_STDLIB_H 1
| #define HAVE_STRING_H 1
| #define HAVE_FCNTL_H 1
| #define HAVE_SYS_IOCTL_H 1
| #define HAVE_SYS_TIME_H 1
| #define HAVE_SYSLOG_H 1
| #define HAVE_UNISTD_H 1
| #define HAVE_NET_IF_ARP_H 1
| #define HAVE_NETINET_IF_ETHER_H 1
| #define HAVE_GETOPT_H 1
| #define HAVE_SYS_UIO_H 1
| #define HAVE_SYS_PARAM_H 1
| #define HAVE_FCNTL_H 1
| #define HAVE_NETPACKET_PACKET_H 1
| #define HAVE_NET_ETHERNET_H 1
| #define HAVE_ASM_TYPES_H 1
| #define HAVE_LINUX_IF_PACKET_H 1
| #define HAVE_LINUX_IF_ETHER_H 1
| #define HAVE_SYS_SOCKET_H 1
| #define HAVE_SYS_CDEFS_H 1
| #define HAVE_NET_IF_H 1
| /* end confdefs.h.  */
| #include <stdio.h>
| #if HAVE_SYS_TYPES_H
| # include <sys/types.h>
| #endif
| #if HAVE_SYS_STAT_H
| # include <sys/stat.h>
| #endif
| #if STDC_HEADERS
| # include <stdlib.h>
| # include <stddef.h>
| #else
| # if HAVE_STDLIB_H
| #  include <stdlib.h>
| # endif
| #endif
| #if HAVE_STRING_H
| # if !STDC_HEADERS && HAVE_MEMORY_H
| #  include <memory.h>
| # endif
| # include <string.h>
| #endif
| #if HAVE_STRINGS_H
| # include <strings.h>
| #endif
| #if HAVE_INTTYPES_H
| # include <inttypes.h>
| #else
| # if HAVE_STDINT_H
| #  include <stdint.h>
| # endif
| #endif
| #if HAVE_UNISTD_H
| # include <unistd.h>
| #endif
| #include <net/if_types.h>
configure:3285: result: no
configure:3289: checking net/if_types.h presence
configure:3299: gcc -E  conftest.c
conftest.c:43:10: fatal error: net/if_types.h: No such file or directory
   43 | #include <net/if_types.h>
      |          ^~~~~~~~~~~~~~~~
compilation terminated.
configure:3305: $? = 1
configure: failed program was:
| /* confdefs.h.  */
| 
| #define PACKAGE_NAME ""
| #define PACKAGE_TARNAME ""
| #define PACKAGE_VERSION ""
| #define PACKAGE_STRING ""
| #define PACKAGE_BUGREPORT ""
| #define HAVE_DIRENT_H 1
| #define STDC_HEADERS 1
| #define HAVE_SYS_WAIT_H 1
| #define HAVE_SYS_TYPES_H 1
| #define HAVE_SYS_STAT_H 1
| #define HAVE_STDLIB_H 1
| #define HAVE_STRING_H 1
| #define HAVE_MEMORY_H 1
| #define HAVE_STRINGS_H 1
| #define HAVE_INTTYPES_H 1
| #define HAVE_STDINT_H 1
| #define HAVE_UNISTD_H 1
| #define HAVE_NETINET_IN_H 1
| #define HAVE_STDLIB_H 1
| #define HAVE_STRING_H 1
| #define HAVE_FCNTL_H 1
| #define HAVE_SYS_IOCTL_H 1
| #define HAVE_SYS_TIME_H 1
| #define HAVE_SYSLOG_H 1
| #define HAVE_UNISTD_H 1
| #define HAVE_NET_IF_ARP_H 1
| #define HAVE_NETINET_IF_ETHER_H 1
| #define HAVE_GETOPT_H 1
| #define HAVE_SYS_UIO_H 1
| #define HAVE_SYS_PARAM_H 1
| #define HAVE_FCNTL_H 1
| #define HAVE_NETPACKET_PACKET_H 1
| #define HAVE_NET_ETHERNET_H 1
| #define HAVE_ASM_TYPES_H 1
| #define HAVE_LINUX_IF_PACKET_H 1
| #define HAVE_LINUX_IF_ETHER_H 1
| #define HAVE_SYS_SOCKET_H 1
| #define HAVE_SYS_CDEFS_H 1
| #define HAVE_NET_IF_H 1
| /* end confdefs.h.  */
| #include <net/if_types.h>
configure:3325: result: no
configure:3360: checking for net/if_types.h
configure:3367: result: no
configure:3235: checking for netinet/if_ether.h
configure:3240: result: yes
configure:3235: checking for net/if_types.h
configure:3240: result: no
configure:3235: checking for net/if_dl.h
configure:3240: result: no
configure:3384: checking for linux/if.h
configure:3400: gcc -c -g -O2  conftest.c >&5
configure:3406: $? = 0
configure:3410: test -z 
			 || test ! -s conftest.err
configure:3413: $? = 0
configure:3416: test -s conftest.o
configure:3419: $? = 0
configure:3430: result: yes
configure:3445: checking for linux/if_pppox.h
configure:3465: gcc -c -g -O2  conftest.c >&5
configure:3471: $? = 0
configure:3475: test -z 
			 || test ! -s conftest.err
configure:3478: $? = 0
configure:3481: test -s conftest.o
configure:3484: $? = 0
configure:3495: result: yes
configure:3507: checking for inline
configure:3528: gcc -c -g -O2  conftest.c >&5
configure:3534: $? = 0
configure:3538: test -z 
			 || test ! -s conftest.err
configure:3541: $? = 0
configure:3544: test -s conftest.o
configure:3547: $? = 0
configure:3559: result: inline
configure:3578: checking for an ANSI C-conforming const
configure:3645: gcc -c -g -O2  conftest.c >&5
configure:3651: $? = 0
configure:3655: test -z 
			 || test ! -s conftest.err
configure:3658: $? = 0
configure:3661: test -s conftest.o
configure:3664: $? = 0
configure:3675: result: yes
configure:3685: checking for pid_t
configure:3709: gcc -c -g -O2  conftest.c >&5
configure:3715: $? = 0
configure:3719: test -z 
			 || test ! -s conftest.err
configure:3722: $? = 0
configure:3725: test -s conftest.o
configure:3728: $? = 0
configure:3739: result: yes
configure:3751: checking whether time.h and sys/time.h may both be included
configure:3776: gcc -c -g -O2  conftest.c >&5
configure:3782: $? = 0
configure:3786: test -z 
			 || test ! -s conftest.err
configure:3789: $? = 0
configure:3792: test -s conftest.o
configure:3795: $? = 0
configure:3806: result: yes
configure:3816: checking whether struct tm is in sys/time.h or time.h
configure:3839: gcc -c -g -O2  conftest.c >&5
configure:3845: $? = 0
configure:3849: test -z 
			 || test ! -s conftest.err
configure:3852: $? = 0
configure:3855: test -s conftest.o
configure:3858: $? = 0
configure:3869: result: time.h
configure:3880: checking for struct sockaddr_ll
configure:3901: gcc -c -g -O2  conftest.c >&5
configure:3907: $? = 0
configure:3911: test -z 
			 || test ! -s conftest.err
configure:3914: $? = 0
configure:3917: test -s conftest.o
configure:3920: $? = 0
configure:3930: result: yes
configure:3940: checking for N_HDLC line discipline
configure:3958: gcc -c -g -O2  conftest.c >&5
conftest.c: In function 'main':
conftest.c:52:9: error: 'N_HDLC' undeclared (first use in this function)
   52 | int x = N_HDLC;
      |         ^~~~~~
conftest.c:52:9: note: each undeclared identifier is reported only once for each function it appears in
configure:3964: $? = 1
configure: failed program was:
| /* confdefs.h.  */
| 
| #define PACKAGE_NAME ""
| #define PACKAGE_TARNAME ""
| #define PACKAGE_VERSION ""
| #define PACKAGE_STRING ""
| #define PACKAGE_BUGREPORT ""
| #define HAVE_DIRENT_H 1
| #define STDC_HEADERS 1
| #define HAVE_SYS_WAIT_H 1
| #define HAVE_SYS_TYPES_H 1
| #define HAVE_SYS_STAT_H 1
| #define HAVE_STDLIB_H 1
| #define HAVE_STRING_H 1
| #define HAVE_MEMORY_H 1
| #define HAVE_STRINGS_H 1
| #define HAVE_INTTYPES_H 1
| #define HAVE_STDINT_H 1
| #define HAVE_UNISTD_H 1
| #define HAVE_NETINET_IN_H 1
| #define HAVE_STDLIB_H 1
| #define HAVE_STRING_H 1
| #define HAVE_FCNTL_H 1
| #define HAVE_SYS_IOCTL_H 1
| #define HAVE_SYS_TIME_H 1
| #define HAVE_SYSLOG_H 1
| #define HAVE_UNISTD_H 1
| #define HAVE_NET_IF_ARP_H 1
| #define HAVE_NETINET_IF_ETHER_H 1
| #define HAVE_GETOPT_H 1
| #define HAVE_SYS_UIO_H 1
| #define HAVE_SYS_PARAM_H 1
| #define HAVE_FCNTL_H 1
| #define HAVE_NETPACKET_PACKET_H 1
| #define HAVE_NET_ETHERNET_H 1
| #define HAVE_ASM_TYPES_H 1
| #define HAVE_LINUX_IF_PACKET_H 1
| #define HAVE_LINUX_IF_ETHER_H 1
| #define HAVE_SYS_SOCKET_H 1
| #define HAVE_SYS_CDEFS_H 1
| #define HAVE_NET_IF_H 1
| #define HAVE_NETINET_IF_ETHER_H 1
| #define HAVE_LINUX_IF_H 1
| #define HAVE_LINUX_IF_PPPOX_H 1
| #define TIME_WITH_SYS_TIME 1
| #define HAVE_STRUCT_SOCKADDR_LL 1
| /* end confdefs.h.  */
| #include <linux/termios.h>
| int
| main ()
| {
| int x = N_HDLC;
|   ;
|   return 0;
| }
configure:3987: result: no
configure:4100: checking for stdlib.h
configure:4105: result: yes
configure:4245: checking for GNU libc compatible malloc
configure:4274: gcc -o conftest -g -O2   conftest.c  >&5
configure:4277: $? = 0
configure:4279: ./conftest
configure:4282: $? = 0
configure:4296: result: yes
configure:4326: checking for working memcmp
configure:4374: gcc -o conftest -g -O2   conftest.c  >&5
configure:4377: $? = 0
configure:4379: ./conftest
configure:4382: $? = 0
configure:4396: result: yes
configure:4407: checking for function prototypes
configure:4410: result: yes
configure:4427: checking whether setvbuf arguments are reversed
configure:4452: gcc -o conftest -g -O2   conftest.c  >&5
conftest.c:55:10: error: conflicting types for 'setvbuf'
   55 |     int (setvbuf) (FILE *, int, char *, size_t);
      |          ^~~~~~~
In file included from conftest.c:53:
/usr/include/stdio.h:308:12: note: previous declaration of 'setvbuf' was here
  308 | extern int setvbuf (FILE *__restrict __stream, char *__restrict __buf,
      |            ^~~~~~~
configure:4458: $? = 1
configure: failed program was:
| /* confdefs.h.  */
| 
| #define PACKAGE_NAME ""
| #define PACKAGE_TARNAME ""
| #define PACKAGE_VERSION ""
| #define PACKAGE_STRING ""
| #define PACKAGE_BUGREPORT ""
| #define HAVE_DIRENT_H 1
| #define STDC_HEADERS 1
| #define HAVE_SYS_WAIT_H 1
| #define HAVE_SYS_TYPES_H 1
| #define HAVE_SYS_STAT_H 1
| #define HAVE_STDLIB_H 1
| #define HAVE_STRING_H 1
| #define HAVE_MEMORY_H 1
| #define HAVE_STRINGS_H 1
| #define HAVE_INTTYPES_H 1
| #define HAVE_STDINT_H 1
| #define HAVE_UNISTD_H 1
| #define HAVE_NETINET_IN_H 1
| #define HAVE_STDLIB_H 1
| #define HAVE_STRING_H 1
| #define HAVE_FCNTL_H 1
| #define HAVE_SYS_IOCTL_H 1
| #define HAVE_SYS_TIME_H 1
| #define HAVE_SYSLOG_H 1
| #define HAVE_UNISTD_H 1
| #define HAVE_NET_IF_ARP_H 1
| #define HAVE_NETINET_IF_ETHER_H 1
| #define HAVE_GETOPT_H 1
| #define HAVE_SYS_UIO_H 1
| #define HAVE_SYS_PARAM_H 1
| #define HAVE_FCNTL_H 1
| #define HAVE_NETPACKET_PACKET_H 1
| #define HAVE_NET_ETHERNET_H 1
| #define HAVE_ASM_TYPES_H 1
| #define HAVE_LINUX_IF_PACKET_H 1
| #define HAVE_LINUX_IF_ETHER_H 1
| #define HAVE_SYS_SOCKET_H 1
| #define HAVE_SYS_CDEFS_H 1
| #define HAVE_NET_IF_H 1
| #define HAVE_NETINET_IF_ETHER_H 1
| #define HAVE_LINUX_IF_H 1
| #define HAVE_LINUX_IF_PPPOX_H 1
| #define TIME_WITH_SYS_TIME 1
| #define HAVE_STRUCT_SOCKADDR_LL 1
| #define DEBUGGING_ENABLED 1
| #define HAVE_STDLIB_H 1
| #define HAVE_MALLOC 1
| #define PROTOTYPES 1
| #define __PROTOTYPES 1
| /* end confdefs.h.  */
| #include <stdio.h>
| #	  if PROTOTYPES
| 	   int (setvbuf) (FILE *, int, char *, size_t);
| #	  endif
| int
| main ()
| {
| char buf; return setvbuf (stdout, _IOLBF, &buf, 1);
|   ;
|   return 0;
| }
configure:4579: result: no
configure:4589: checking return type of signal handlers
configure:4620: gcc -c -g -O2  conftest.c >&5
configure:4626: $? = 0
configure:4630: test -z 
			 || test ! -s conftest.err
configure:4633: $? = 0
configure:4636: test -s conftest.o
configure:4639: $? = 0
configure:4650: result: void
configure:4667: checking for inet_ntoa
configure:4724: gcc -o conftest -g -O2   conftest.c  >&5
configure:4730: $? = 0
configure:4734: test -z 
			 || test ! -s conftest.err
configure:4737: $? = 0
configure:4740: test -s conftest
configure:4743: $? = 0
configure:4755: result: yes
configure:4667: checking for memset
configure:4724: gcc -o conftest -g -O2   conftest.c  >&5
conftest.c:79:6: warning: conflicting types for built-in function 'memset'; expected 'void *(void *, int,  long unsigned int)' [-Wbuiltin-declaration-mismatch]
   79 | char memset ();
      |      ^~~~~~
conftest.c:66:1: note: 'memset' is declared in header '<string.h>'
   65 | # include <limits.h>
   66 | #else
configure:4730: $? = 0
configure:4734: test -z 
			 || test ! -s conftest.err
configure:4737: $? = 0
configure:4740: test -s conftest
configure:4743: $? = 0
configure:4755: result: yes
configure:4667: checking for select
configure:4724: gcc -o conftest -g -O2   conftest.c  >&5
configure:4730: $? = 0
configure:4734: test -z 
			 || test ! -s conftest.err
configure:4737: $? = 0
configure:4740: test -s conftest
configure:4743: $? = 0
configure:4755: result: yes
configure:4667: checking for socket
configure:4724: gcc -o conftest -g -O2   conftest.c  >&5
configure:4730: $? = 0
configure:4734: test -z 
			 || test ! -s conftest.err
configure:4737: $? = 0
configure:4740: test -s conftest
configure:4743: $? = 0
configure:4755: result: yes
configure:4667: checking for strerror
configure:4724: gcc -o conftest -g -O2   conftest.c  >&5
configure:4730: $? = 0
configure:4734: test -z 
			 || test ! -s conftest.err
configure:4737: $? = 0
configure:4740: test -s conftest
configure:4743: $? = 0
configure:4755: result: yes
configure:4667: checking for strtol
configure:4724: gcc -o conftest -g -O2   conftest.c  >&5
configure:4730: $? = 0
configure:4734: test -z 
			 || test ! -s conftest.err
configure:4737: $? = 0
configure:4740: test -s conftest
configure:4743: $? = 0
configure:4755: result: yes
configure:4803: checking for a BSD-compatible install
configure:4858: result: /usr/bin/install -c
configure:4870: checking for unsigned short
configure:4894: gcc -c -g -O2  conftest.c >&5
configure:4900: $? = 0
configure:4904: test -z 
			 || test ! -s conftest.err
configure:4907: $? = 0
configure:4910: test -s conftest.o
configure:4913: $? = 0
configure:4924: result: yes
configure:4927: checking size of unsigned short
configure:5246: gcc -o conftest -g -O2   conftest.c  >&5
configure:5249: $? = 0
configure:5251: ./conftest
configure:5254: $? = 0
configure:5277: result: 2
configure:5284: checking for unsigned int
configure:5308: gcc -c -g -O2  conftest.c >&5
configure:5314: $? = 0
configure:5318: test -z 
			 || test ! -s conftest.err
configure:5321: $? = 0
configure:5324: test -s conftest.o
configure:5327: $? = 0
configure:5338: result: yes
configure:5341: checking size of unsigned int
configure:5660: gcc -o conftest -g -O2   conftest.c  >&5
configure:5663: $? = 0
configure:5665: ./conftest
configure:5668: $? = 0
configure:5691: result: 4
configure:5698: checking for unsigned long
configure:5722: gcc -c -g -O2  conftest.c >&5
configure:5728: $? = 0
configure:5732: test -z 
			 || test ! -s conftest.err
configure:5735: $? = 0
configure:5738: test -s conftest.o
configure:5741: $? = 0
configure:5752: result: yes
configure:5755: checking size of unsigned long
configure:6074: gcc -o conftest -g -O2   conftest.c  >&5
configure:6077: $? = 0
configure:6079: ./conftest
configure:6082: $? = 0
configure:6105: result: 8
configure:6115: checking for setsid
configure:6134: found /usr/bin/setsid
configure:6147: result: /usr/bin/setsid
configure:6157: checking for id
configure:6176: found /usr/bin/id
configure:6189: result: /usr/bin/id
configure:6201: checking packing order of bit fields
configure:6237: gcc -o conftest -g -O2 -Wall -Wstrict-prototypes    conftest.c  >&5
configure:6240: $? = 0
configure:6242: ./conftest
configure:6245: $? = 1
configure: program exited with status 1
configure: failed program was:
| /* confdefs.h.  */
| 
| #define PACKAGE_NAME ""
| #define PACKAGE_TARNAME ""
| #define PACKAGE_VERSION ""
| #define PACKAGE_STRING ""
| #define PACKAGE_BUGREPORT ""
| #define HAVE_DIRENT_H 1
| #define STDC_HEADERS 1
| #define HAVE_SYS_WAIT_H 1
| #define HAVE_SYS_TYPES_H 1
| #define HAVE_SYS_STAT_H 1
| #define HAVE_STDLIB_H 1
| #define HAVE_STRING_H 1
| #define HAVE_MEMORY_H 1
| #define HAVE_STRINGS_H 1
| #define HAVE_INTTYPES_H 1
| #define HAVE_STDINT_H 1
| #define HAVE_UNISTD_H 1
| #define HAVE_NETINET_IN_H 1
| #define HAVE_STDLIB_H 1
| #define HAVE_STRING_H 1
| #define HAVE_FCNTL_H 1
| #define HAVE_SYS_IOCTL_H 1
| #define HAVE_SYS_TIME_H 1
| #define HAVE_SYSLOG_H 1
| #define HAVE_UNISTD_H 1
| #define HAVE_NET_IF_ARP_H 1
| #define HAVE_NETINET_IF_ETHER_H 1
| #define HAVE_GETOPT_H 1
| #define HAVE_SYS_UIO_H 1
| #define HAVE_SYS_PARAM_H 1
| #define HAVE_FCNTL_H 1
| #define HAVE_NETPACKET_PACKET_H 1
| #define HAVE_NET_ETHERNET_H 1
| #define HAVE_ASM_TYPES_H 1
| #define HAVE_LINUX_IF_PACKET_H 1
| #define HAVE_LINUX_IF_ETHER_H 1
| #define HAVE_SYS_SOCKET_H 1
| #define HAVE_SYS_CDEFS_H 1
| #define HAVE_NET_IF_H 1
| #define HAVE_NETINET_IF_ETHER_H 1
| #define HAVE_LINUX_IF_H 1
| #define HAVE_LINUX_IF_PPPOX_H 1
| #define TIME_WITH_SYS_TIME 1
| #define HAVE_STRUCT_SOCKADDR_LL 1
| #define DEBUGGING_ENABLED 1
| #define HAVE_STDLIB_H 1
| #define HAVE_MALLOC 1
| #define PROTOTYPES 1
| #define __PROTOTYPES 1
| #define RETSIGTYPE void
| #define HAVE_INET_NTOA 1
| #define HAVE_MEMSET 1
| #define HAVE_SELECT 1
| #define HAVE_SOCKET 1
| #define HAVE_STRERROR 1
| #define HAVE_STRTOL 1
| #define SIZEOF_UNSIGNED_SHORT 2
| #define SIZEOF_UNSIGNED_INT 4
| #define SIZEOF_UNSIGNED_LONG 8
| /* end confdefs.h.  */
| 
| union foo {
|     struct bar {
| 	unsigned int ver:4;
| 	unsigned int type:4;
|     } bb;
|     unsigned char baz;
| };
| 
| int
| main(void)
| {
|     union foo x;
|     x.bb.ver = 1;
|     x.bb.type = 2;
|     if (x.baz == 0x21) {
| 	return 1;
|     } else if (x.baz == 0x12) {
| 	return 0;
|     } else {
| 	return 2;
|     }
| }
configure:6256: result: reversed
configure:6388: creating ./config.status

## ---------------------- ##
## Running config.status. ##
## ---------------------- ##

This file was extended by config.status, which was
generated by GNU Autoconf 2.59.  Invocation command line was

  CONFIG_FILES    = 
  CONFIG_HEADERS  = 
  CONFIG_LINKS    = 
  CONFIG_COMMANDS = 
  $ ./config.status 

on ubuntu-mac

config.status:643: creating Makefile
config.status:747: creating config.h
config.status:959: config.h is unchanged
configure:7418: result: On this platform, the following targets will be built:
configure:7420: result: pppoe
configure:7422: result: Type 'make' to compile the software.

## ---------------- ##
## Cache variables. ##
## ---------------- ##

ac_cv_c_compiler_gnu=yes
ac_cv_c_const=yes
ac_cv_c_inline=inline
ac_cv_debugging=yes
ac_cv_env_CC_set=
ac_cv_env_CC_value=
ac_cv_env_CFLAGS_set=
ac_cv_env_CFLAGS_value=
ac_cv_env_CPPFLAGS_set=
ac_cv_env_CPPFLAGS_value=
ac_cv_env_CPP_set=
ac_cv_env_CPP_value=
ac_cv_env_LDFLAGS_set=
ac_cv_env_LDFLAGS_value=
ac_cv_env_build_alias_set=
ac_cv_env_build_alias_value=
ac_cv_env_host_alias_set=
ac_cv_env_host_alias_value=
ac_cv_env_target_alias_set=
ac_cv_env_target_alias_value=
ac_cv_exeext=
ac_cv_func_inet_ntoa=yes
ac_cv_func_malloc_0_nonnull=yes
ac_cv_func_memcmp_working=yes
ac_cv_func_memset=yes
ac_cv_func_select=yes
ac_cv_func_setvbuf_reversed=no
ac_cv_func_socket=yes
ac_cv_func_strerror=yes
ac_cv_func_strtol=yes
ac_cv_header_asm_types_h=yes
ac_cv_header_dirent_dirent_h=yes
ac_cv_header_fcntl_h=yes
ac_cv_header_getopt_h=yes
ac_cv_header_inttypes_h=yes
ac_cv_header_linux_if_ether_h=yes
ac_cv_header_linux_if_h=yes
ac_cv_header_linux_if_packet_h=yes
ac_cv_header_linux_if_pppox_h=yes
ac_cv_header_memory_h=yes
ac_cv_header_net_bpf_h=no
ac_cv_header_net_ethernet_h=yes
ac_cv_header_net_if_arp_h=yes
ac_cv_header_net_if_dl_h=no
ac_cv_header_net_if_ether_h=no
ac_cv_header_net_if_h=yes
ac_cv_header_net_if_types_h=no
ac_cv_header_netinet_if_ether_h=yes
ac_cv_header_netinet_in_h=yes
ac_cv_header_netpacket_packet_h=yes
ac_cv_header_stdc=yes
ac_cv_header_stdint_h=yes
ac_cv_header_stdlib_h=yes
ac_cv_header_string_h=yes
ac_cv_header_strings_h=yes
ac_cv_header_sys_cdefs_h=yes
ac_cv_header_sys_dlpi_h=no
ac_cv_header_sys_ioctl_h=yes
ac_cv_header_sys_param_h=yes
ac_cv_header_sys_socket_h=yes
ac_cv_header_sys_stat_h=yes
ac_cv_header_sys_time_h=yes
ac_cv_header_sys_types_h=yes
ac_cv_header_sys_uio_h=yes
ac_cv_header_sys_wait_h=yes
ac_cv_header_syslog_h=yes
ac_cv_header_time=yes
ac_cv_header_unistd_h=yes
ac_cv_licpath=no
ac_cv_n_hdlc=no
ac_cv_objext=o
ac_cv_path_ID=/usr/bin/id
ac_cv_path_SETSID=/usr/bin/setsid
ac_cv_path_install='/usr/bin/install -c'
ac_cv_pluginpath=no
ac_cv_prog_CPP='gcc -E'
ac_cv_prog_ac_ct_CC=gcc
ac_cv_prog_ac_ct_RANLIB=ranlib
ac_cv_prog_cc_g=yes
ac_cv_prog_cc_stdc=
ac_cv_prog_egrep='grep -E'
ac_cv_search_opendir='none required'
ac_cv_sizeof_unsigned_int=4
ac_cv_sizeof_unsigned_long=8
ac_cv_sizeof_unsigned_short=2
ac_cv_struct_sockaddr_ll=yes
ac_cv_struct_tm=time.h
ac_cv_type_pid_t=yes
ac_cv_type_signal=void
ac_cv_type_unsigned_int=yes
ac_cv_type_unsigned_long=yes
ac_cv_type_unsigned_short=yes
rpppoe_cv_pack_bitfields=rev

## ----------------- ##
## Output variables. ##
## ----------------- ##

CC='gcc'
CFLAGS='-g -O2 -Wall -Wstrict-prototypes '
CPP='gcc -E'
CPPFLAGS=''
DEFS='-DHAVE_CONFIG_H'
ECHO_C=''
ECHO_N='-n'
ECHO_T=''
EGREP='grep -E'
EXEEXT=''
ID='/usr/bin/id'
INSTALL_DATA='${INSTALL} -m 644'
INSTALL_PROGRAM='${INSTALL}'
INSTALL_SCRIPT='${INSTALL}'
LDFLAGS=''
LIBOBJS=''
LIBS=''
LTLIBOBJS=''
OBJEXT='o'
PACKAGE_BUGREPORT=''
PACKAGE_NAME=''
PACKAGE_STRING=''
PACKAGE_TARNAME=''
PACKAGE_VERSION=''
PATH_SEPARATOR=':'
PPPD_H=''
RANLIB='ranlib'
SETSID='/usr/bin/setsid'
SHELL='/bin/bash'
TARGETS='pppoe'
WRAPPER='/usr/sbin/pppoe-wrapper'
ac_ct_CC='gcc'
ac_ct_RANLIB='ranlib'
bindir='${exec_prefix}/bin'
build_alias=''
datadir='${prefix}/share'
datadir_evaluated='/usr/share'
exec_prefix='${prefix}'
host_alias=''
includedir='${prefix}/include'
infodir='${prefix}/info'
libdir='${exec_prefix}/lib'
libexecdir='${exec_prefix}/libexec'
localstatedir='${prefix}/var'
mandir='${prefix}/man'
oldincludedir='/usr/include'
prefix='/usr'
program_transform_name='s,x,x,'
sbindir='${exec_prefix}/sbin'
sharedstatedir='${prefix}/com'
sysconfdir='${prefix}/etc'
target_alias=''

## ----------- ##
## confdefs.h. ##
## ----------- ##

#define DEBUGGING_ENABLED 1
#define DEBUGGING_ENABLED 1
#define HAVE_ASM_TYPES_H 1
#define HAVE_DIRENT_H 1
#define HAVE_FCNTL_H 1
#define HAVE_FCNTL_H 1
#define HAVE_GETOPT_H 1
#define HAVE_INET_NTOA 1
#define HAVE_INTTYPES_H 1
#define HAVE_LINUX_IF_ETHER_H 1
#define HAVE_LINUX_IF_H 1
#define HAVE_LINUX_IF_PACKET_H 1
#define HAVE_LINUX_IF_PPPOX_H 1
#define HAVE_MALLOC 1
#define HAVE_MEMORY_H 1
#define HAVE_MEMSET 1
#define HAVE_NETINET_IF_ETHER_H 1
#define HAVE_NETINET_IF_ETHER_H 1
#define HAVE_NETINET_IN_H 1
#define HAVE_NETPACKET_PACKET_H 1
#define HAVE_NET_ETHERNET_H 1
#define HAVE_NET_IF_ARP_H 1
#define HAVE_NET_IF_H 1
#define HAVE_SELECT 1
#define HAVE_SOCKET 1
#define HAVE_STDINT_H 1
#define HAVE_STDLIB_H 1
#define HAVE_STDLIB_H 1
#define HAVE_STDLIB_H 1
#define HAVE_STRERROR 1
#define HAVE_STRINGS_H 1
#define HAVE_STRING_H 1
#define HAVE_STRING_H 1
#define HAVE_STRTOL 1
#define HAVE_STRUCT_SOCKADDR_LL 1
#define HAVE_SYSLOG_H 1
#define HAVE_SYS_CDEFS_H 1
#define HAVE_SYS_IOCTL_H 1
#define HAVE_SYS_PARAM_H 1
#define HAVE_SYS_SOCKET_H 1
#define HAVE_SYS_STAT_H 1
#define HAVE_SYS_TIME_H 1
#define HAVE_SYS_TYPES_H 1
#define HAVE_SYS_UIO_H 1
#define HAVE_SYS_WAIT_H 1
#define HAVE_UNISTD_H 1
#define HAVE_UNISTD_H 1
#define PACKAGE_BUGREPORT ""
#define PACKAGE_NAME ""
#define PACKAGE_STRING ""
#define PACKAGE_TARNAME ""
#define PACKAGE_VERSION ""
#define PACK_BITFIELDS_REVERSED 1
#define PROTOTYPES 1
#define RETSIGTYPE void
#define SIZEOF_UNSIGNED_INT 4
#define SIZEOF_UNSIGNED_LONG 8
#define SIZEOF_UNSIGNED_SHORT 2
#define STDC_HEADERS 1
#define TIME_WITH_SYS_TIME 1
#define __PROTOTYPES 1

configure: exit 0
